0 info it worked if it ends with ok
1 verbose cli [ 'node', '/usr/local/bin/npm', 'install' ]
2 info using npm@2.5.1
3 info using node@v0.12.0
4 verbose install where, deps [ '/Users/nick/Apps/Teamify/Website/server',
4 verbose install   [ 'body-parser',
4 verbose install     'express',
4 verbose install     'express-namespace',
4 verbose install     'jsonwebtoken',
4 verbose install     'method-override',
4 verbose install     'moment',
4 verbose install     'mongodb',
4 verbose install     'mongoose',
4 verbose install     'morgan',
4 verbose install     'open',
4 verbose install     'passport',
4 verbose install     'passport-local',
4 verbose install     'request',
4 verbose install     'grunt',
4 verbose install     'grunt-contrib-jshint',
4 verbose install     'grunt-contrib-nodeunit',
4 verbose install     'rewire',
4 verbose install     'supervisor' ] ]
5 verbose install where, peers [ '/Users/nick/Apps/Teamify/Website/server', [] ]
6 info preinstall teamify@0.0.1
7 warn package.json express-namespace@0.1.1 No repository field.
8 verbose already installed skipping mongoose@4.1.5 /Users/nick/Apps/Teamify/Website/server
9 verbose already installed skipping morgan@~1.2.2 /Users/nick/Apps/Teamify/Website/server
10 verbose already installed skipping open@0.0.3 /Users/nick/Apps/Teamify/Website/server
11 verbose already installed skipping passport@~0.1.12 /Users/nick/Apps/Teamify/Website/server
12 verbose already installed skipping passport-local@~0.1.6 /Users/nick/Apps/Teamify/Website/server
13 verbose already installed skipping request@~2.16.6 /Users/nick/Apps/Teamify/Website/server
14 verbose already installed skipping grunt@~0.4 /Users/nick/Apps/Teamify/Website/server
15 verbose already installed skipping grunt-contrib-jshint@~0.2.0 /Users/nick/Apps/Teamify/Website/server
16 verbose already installed skipping grunt-contrib-nodeunit@~0.1.2 /Users/nick/Apps/Teamify/Website/server
17 verbose already installed skipping rewire@^2.0.1 /Users/nick/Apps/Teamify/Website/server
18 verbose already installed skipping supervisor@~0.4.1 /Users/nick/Apps/Teamify/Website/server
19 verbose already installed skipping body-parser@~1.5.2 /Users/nick/Apps/Teamify/Website/server
20 verbose already installed skipping express@^4.13.3 /Users/nick/Apps/Teamify/Website/server
21 verbose already installed skipping express-namespace@~0.1.1 /Users/nick/Apps/Teamify/Website/server
22 verbose already installed skipping jsonwebtoken@^5.4.1 /Users/nick/Apps/Teamify/Website/server
23 verbose already installed skipping method-override@~2.1.2 /Users/nick/Apps/Teamify/Website/server
24 verbose already installed skipping moment@^2.11.0 /Users/nick/Apps/Teamify/Website/server
25 silly cache add args [ 'mongodb@3.0.4', null ]
26 verbose cache add spec mongodb@3.0.4
27 silly cache add parsed spec { raw: 'mongodb@3.0.4',
27 silly cache add   scope: null,
27 silly cache add   name: 'mongodb',
27 silly cache add   rawSpec: '3.0.4',
27 silly cache add   spec: '3.0.4',
27 silly cache add   type: 'version' }
28 verbose addNamed mongodb@3.0.4
29 silly addNamed semver.valid 3.0.4
30 silly addNamed semver.validRange 3.0.4
31 silly mapToRegistry name mongodb
32 silly mapToRegistry using default registry
33 silly mapToRegistry registry https://registry.npmjs.org/
34 silly mapToRegistry uri https://registry.npmjs.org/mongodb
35 verbose addNameVersion registry:https://registry.npmjs.org/mongodb not in flight; fetching
36 verbose request uri https://registry.npmjs.org/mongodb
37 verbose request no auth needed
38 info attempt registry request try #1 at 7:03:47 AM
39 verbose request id 463b63aa35410e69
40 verbose etag "6V7FCTRISSB8WWQ411BZX8EIB"
41 http request GET https://registry.npmjs.org/mongodb
42 http 304 https://registry.npmjs.org/mongodb
43 silly get cb [ 304,
43 silly get   { date: 'Sun, 03 Jan 2016 13:03:46 GMT',
43 silly get     via: '1.1 varnish',
43 silly get     'cache-control': 'max-age=300',
43 silly get     etag: '"6V7FCTRISSB8WWQ411BZX8EIB"',
43 silly get     age: '49',
43 silly get     connection: 'keep-alive',
43 silly get     'x-served-by': 'cache-dfw1833-DFW',
43 silly get     'x-cache': 'HIT',
43 silly get     'x-cache-hits': '1',
43 silly get     'x-timer': 'S1451826226.693901,VS0,VE1',
43 silly get     vary: 'Accept' } ]
44 verbose etag https://registry.npmjs.org/mongodb from cache
45 verbose get saving mongodb to /Users/nick/.npm/registry.npmjs.org/mongodb/.cache.json
46 verbose stack Error: version not found: mongodb@3.0.4
46 verbose stack     at setData (/usr/local/lib/node_modules/npm/lib/cache/add-named.js:122:12)
46 verbose stack     at RES (/usr/local/lib/node_modules/npm/node_modules/inflight/inflight.js:23:14)
46 verbose stack     at f (/usr/local/lib/node_modules/npm/node_modules/once/once.js:17:25)
46 verbose stack     at saved (/usr/local/lib/node_modules/npm/lib/cache/caching-client.js:173:7)
46 verbose stack     at FSReqWrap.oncomplete (fs.js:99:15)
47 verbose statusCode 404
48 verbose cwd /Users/nick/Apps/Teamify/Website/server
49 error Darwin 14.5.0
50 error argv "node" "/usr/local/bin/npm" "install"
51 error node v0.12.0
52 error npm  v2.5.1
53 error version not found: mongodb@3.0.4
54 error If you need help, you may report this error at:
54 error     <http://github.com/npm/npm/issues>
55 verbose exit [ 1, true ]
